<?xml version="1.0" encoding="UTF-8"?>
<testsuite name="io.deniffel.CoffeeMakerTest" tests="1" skipped="0" failures="0" errors="0" timestamp="2018-11-11T18:56:35" hostname="thomas-skytala" time="0.002">
  <properties/>
  <testcase name="nothing" classname="io.deniffel.CoffeeMakerTest" time="0.002"/>
  <system-out><![CDATA[]]></system-out>
  <system-err><![CDATA[]]></system-err>
</testsuite>
